{"/home/travis/build/npmtest/node-npmtest-babel-plugin-react-transform/test.js":{"path":"/home/travis/build/npmtest/node-npmtest-babel-plugin-react-transform/test.js","s":{"1":2,"2":2,"3":2,"4":2,"5":2,"6":2,"7":2,"8":1,"9":2,"10":2,"11":1,"12":1,"13":1,"14":1,"15":2,"16":2,"17":2,"18":2,"19":1,"20":1,"21":2,"22":2,"23":2,"24":1,"25":1,"26":1,"27":1,"28":1,"29":1,"30":1,"31":1,"32":1,"33":1,"34":1,"35":1,"36":1,"37":1,"38":1,"39":2,"40":2,"41":1,"42":2,"43":2,"44":1,"45":2,"46":2,"47":1,"48":2,"49":2,"50":1,"51":1,"52":1,"53":1,"54":1},"b":{"1":[2,1,1,1],"2":[1,1,1,1],"3":[1,1],"4":[1,1],"5":[1,1],"6":[1,1],"7":[1,1],"8":[1,1],"9":[1,1],"10":[1,1,1],"11":[1,1],"12":[1,1],"13":[1,1],"14":[1,1],"15":[1,1],"16":[1,1],"17":[1,1]},"f":{"1":2,"2":2,"3":2,"4":2,"5":2,"6":1,"7":1,"8":1,"9":2,"10":2,"11":2,"12":2,"13":1},"fnMap":{"1":{"name":"(anonymous_1)","line":12,"loc":{"start":{"line":12,"column":1},"end":{"line":12,"column":13}}},"2":{"name":"(anonymous_2)","line":19,"loc":{"start":{"line":19,"column":5},"end":{"line":19,"column":17}}},"3":{"name":"(anonymous_3)","line":23,"loc":{"start":{"line":23,"column":24},"end":{"line":23,"column":36}}},"4":{"name":"(anonymous_4)","line":61,"loc":{"start":{"line":61,"column":5},"end":{"line":61,"column":17}}},"5":{"name":"(anonymous_5)","line":82,"loc":{"start":{"line":82,"column":5},"end":{"line":82,"column":17}}},"6":{"name":"(anonymous_6)","line":91,"loc":{"start":{"line":91,"column":77},"end":{"line":94,"column":10}}},"7":{"name":"(anonymous_7)","line":112,"loc":{"start":{"line":112,"column":83},"end":{"line":115,"column":10}},"skip":true},"8":{"name":"(anonymous_8)","line":123,"loc":{"start":{"line":123,"column":77},"end":{"line":126,"column":10}},"skip":true},"9":{"name":"(anonymous_9)","line":139,"loc":{"start":{"line":139,"column":12},"end":{"line":139,"column":40}},"skip":true},"10":{"name":"(anonymous_10)","line":147,"loc":{"start":{"line":147,"column":77},"end":{"line":150,"column":10}},"skip":true},"11":{"name":"(anonymous_11)","line":158,"loc":{"start":{"line":158,"column":83},"end":{"line":161,"column":10}},"skip":true},"12":{"name":"(anonymous_12)","line":169,"loc":{"start":{"line":169,"column":79},"end":{"line":172,"column":10}},"skip":true},"13":{"name":"(anonymous_13)","line":180,"loc":{"start":{"line":180,"column":75},"end":{"line":183,"column":10}},"skip":true}},"statementMap":{"1":{"start":{"line":12,"column":0},"end":{"line":195,"column":5}},"2":{"start":{"line":14,"column":4},"end":{"line":14,"column":14}},"3":{"start":{"line":19,"column":4},"end":{"line":56,"column":9}},"4":{"start":{"line":21,"column":8},"end":{"line":21,"column":19}},"5":{"start":{"line":23,"column":8},"end":{"line":35,"column":13}},"6":{"start":{"line":24,"column":12},"end":{"line":34,"column":13}},"7":{"start":{"line":25,"column":16},"end":{"line":28,"column":30}},"8":{"start":{"line":30,"column":16},"end":{"line":33,"column":27}},"9":{"start":{"line":37,"column":8},"end":{"line":39,"column":21}},"10":{"start":{"line":40,"column":8},"end":{"line":53,"column":9}},"11":{"start":{"line":43,"column":12},"end":{"line":46,"column":14}},"12":{"start":{"line":47,"column":12},"end":{"line":47,"column":18}},"13":{"start":{"line":50,"column":12},"end":{"line":51,"column":33}},"14":{"start":{"line":52,"column":12},"end":{"line":52,"column":18}},"15":{"start":{"line":55,"column":8},"end":{"line":55,"column":35}},"16":{"start":{"line":61,"column":4},"end":{"line":63,"column":9}},"17":{"start":{"line":62,"column":8},"end":{"line":62,"column":15}},"18":{"start":{"line":64,"column":4},"end":{"line":77,"column":5}},"19":{"start":{"line":70,"column":8},"end":{"line":70,"column":14}},"20":{"start":{"line":76,"column":8},"end":{"line":76,"column":14}},"21":{"start":{"line":82,"column":4},"end":{"line":84,"column":9}},"22":{"start":{"line":83,"column":8},"end":{"line":83,"column":15}},"23":{"start":{"line":85,"column":4},"end":{"line":194,"column":5}},"24":{"start":{"line":91,"column":8},"end":{"line":99,"column":10}},"25":{"start":{"line":98,"column":12},"end":{"line":98,"column":35}},"26":{"start":{"line":102,"column":8},"end":{"line":104,"column":63}},"27":{"start":{"line":105,"column":8},"end":{"line":105,"column":14}},"28":{"start":{"line":112,"column":8},"end":{"line":121,"column":10},"skip":true},"29":{"start":{"line":119,"column":12},"end":{"line":119,"column":55},"skip":true},"30":{"start":{"line":120,"column":12},"end":{"line":120,"column":48},"skip":true},"31":{"start":{"line":123,"column":8},"end":{"line":136,"column":10},"skip":true},"32":{"start":{"line":130,"column":12},"end":{"line":130,"column":76},"skip":true},"33":{"start":{"line":131,"column":12},"end":{"line":131,"column":73},"skip":true},"34":{"start":{"line":132,"column":12},"end":{"line":132,"column":74},"skip":true},"35":{"start":{"line":133,"column":12},"end":{"line":133,"column":79},"skip":true},"36":{"start":{"line":134,"column":12},"end":{"line":134,"column":25},"skip":true},"37":{"start":{"line":135,"column":12},"end":{"line":135,"column":45},"skip":true},"38":{"start":{"line":138,"column":8},"end":{"line":145,"column":14},"skip":true},"39":{"start":{"line":143,"column":16},"end":{"line":143,"column":29},"skip":true},"40":{"start":{"line":144,"column":16},"end":{"line":144,"column":55},"skip":true},"41":{"start":{"line":147,"column":8},"end":{"line":156,"column":10},"skip":true},"42":{"start":{"line":154,"column":12},"end":{"line":154,"column":25},"skip":true},"43":{"start":{"line":155,"column":12},"end":{"line":155,"column":45},"skip":true},"44":{"start":{"line":158,"column":8},"end":{"line":167,"column":10},"skip":true},"45":{"start":{"line":165,"column":12},"end":{"line":165,"column":25},"skip":true},"46":{"start":{"line":166,"column":12},"end":{"line":166,"column":48},"skip":true},"47":{"start":{"line":169,"column":8},"end":{"line":178,"column":10},"skip":true},"48":{"start":{"line":176,"column":12},"end":{"line":176,"column":25},"skip":true},"49":{"start":{"line":177,"column":12},"end":{"line":177,"column":46},"skip":true},"50":{"start":{"line":180,"column":8},"end":{"line":189,"column":10},"skip":true},"51":{"start":{"line":187,"column":12},"end":{"line":187,"column":94},"skip":true},"52":{"start":{"line":188,"column":12},"end":{"line":188,"column":48},"skip":true},"53":{"start":{"line":192,"column":8},"end":{"line":192,"column":35},"skip":true},"54":{"start":{"line":193,"column":8},"end":{"line":193,"column":14},"skip":true}},"branchMap":{"1":{"line":25,"type":"binary-expr","locations":[{"start":{"line":25,"column":23},"end":{"line":25,"column":62}},{"start":{"line":26,"column":20},"end":{"line":26,"column":70}},{"start":{"line":27,"column":20},"end":{"line":27,"column":71}},{"start":{"line":28,"column":20},"end":{"line":28,"column":29}}]},"2":{"line":30,"type":"binary-expr","locations":[{"start":{"line":30,"column":23},"end":{"line":30,"column":37}},{"start":{"line":31,"column":20},"end":{"line":31,"column":61}},{"start":{"line":32,"column":20},"end":{"line":32,"column":70}},{"start":{"line":33,"column":20},"end":{"line":33,"column":26}}]},"3":{"line":37,"type":"cond-expr","locations":[{"start":{"line":38,"column":14},"end":{"line":38,"column":20}},{"start":{"line":39,"column":14},"end":{"line":39,"column":20}}]},"4":{"line":40,"type":"switch","locations":[{"start":{"line":42,"column":8},"end":{"line":47,"column":18}},{"start":{"line":49,"column":8},"end":{"line":52,"column":18}}]},"5":{"line":44,"type":"binary-expr","locations":[{"start":{"line":44,"column":16},"end":{"line":44,"column":44}},{"start":{"line":44,"column":48},"end":{"line":44,"column":66}}]},"6":{"line":50,"type":"binary-expr","locations":[{"start":{"line":50,"column":21},"end":{"line":50,"column":49}},{"start":{"line":50,"column":53},"end":{"line":50,"column":72}}]},"7":{"line":64,"type":"switch","locations":[{"start":{"line":69,"column":4},"end":{"line":70,"column":14}},{"start":{"line":75,"column":4},"end":{"line":76,"column":14}}]},"8":{"line":85,"type":"switch","locations":[{"start":{"line":90,"column":4},"end":{"line":105,"column":14}},{"start":{"line":111,"column":4},"end":{"line":193,"column":14},"skip":true}]},"9":{"line":91,"type":"binary-expr","locations":[{"start":{"line":91,"column":42},"end":{"line":91,"column":73}},{"start":{"line":91,"column":77},"end":{"line":99,"column":9}}]},"10":{"line":102,"type":"binary-expr","locations":[{"start":{"line":102,"column":18},"end":{"line":102,"column":32}},{"start":{"line":103,"column":12},"end":{"line":103,"column":53}},{"start":{"line":104,"column":12},"end":{"line":104,"column":61}}]},"11":{"line":112,"type":"binary-expr","locations":[{"start":{"line":112,"column":45},"end":{"line":112,"column":79},"skip":true},{"start":{"line":112,"column":83},"end":{"line":121,"column":9},"skip":true}]},"12":{"line":123,"type":"binary-expr","locations":[{"start":{"line":123,"column":42},"end":{"line":123,"column":73},"skip":true},{"start":{"line":123,"column":77},"end":{"line":136,"column":9},"skip":true}]},"13":{"line":138,"type":"binary-expr","locations":[{"start":{"line":138,"column":48},"end":{"line":138,"column":85},"skip":true},{"start":{"line":139,"column":12},"end":{"line":145,"column":13},"skip":true}]},"14":{"line":147,"type":"binary-expr","locations":[{"start":{"line":147,"column":42},"end":{"line":147,"column":73},"skip":true},{"start":{"line":147,"column":77},"end":{"line":156,"column":9},"skip":true}]},"15":{"line":158,"type":"binary-expr","locations":[{"start":{"line":158,"column":45},"end":{"line":158,"column":79},"skip":true},{"start":{"line":158,"column":83},"end":{"line":167,"column":9},"skip":true}]},"16":{"line":169,"type":"binary-expr","locations":[{"start":{"line":169,"column":43},"end":{"line":169,"column":75},"skip":true},{"start":{"line":169,"column":79},"end":{"line":178,"column":9},"skip":true}]},"17":{"line":180,"type":"binary-expr","locations":[{"start":{"line":180,"column":41},"end":{"line":180,"column":71},"skip":true},{"start":{"line":180,"column":75},"end":{"line":189,"column":9},"skip":true}]}},"code":["/* istanbul instrument in package npmtest_babel_plugin_react_transform */","/*jslint","    bitwise: true,","    browser: true,","    maxerr: 8,","    maxlen: 96,","    node: true,","    nomen: true,","    regexp: true,","    stupid: true","*/","(function () {","    'use strict';","    var local;","","","","    // run shared js-env code - init-before","    (function () {","        // init local","        local = {};","        // init modeJs","        local.modeJs = (function () {","            try {","                return typeof navigator.userAgent === 'string' &&","                    typeof document.querySelector('body') === 'object' &&","                    typeof XMLHttpRequest.prototype.open === 'function' &&","                    'browser';","            } catch (errorCaughtBrowser) {","                return module.exports &&","                    typeof process.versions.node === 'string' &&","                    typeof require('http').createServer === 'function' &&","                    'node';","            }","        }());","        // init global","        local.global = local.modeJs === 'browser'","            ? window","            : global;","        switch (local.modeJs) {","        // re-init local from window.local","        case 'browser':","            local = local.global.utility2.objectSetDefault(","                local.global.utility2_rollup || local.global.local,","                local.global.utility2","            );","            break;","        // re-init local from example.js","        case 'node':","            local = (local.global.utility2_rollup || require('utility2'))","                .requireReadme();","            break;","        }","        // export local","        local.global.local = local;","    }());","","","","    // run shared js-env code - function","    (function () {","        return;","    }());","    switch (local.modeJs) {","","","","    // run browser js-env code - function","    case 'browser':","        break;","","","","    // run node js-env code - function","    case 'node':","        break;","    }","","","","    // run shared js-env code - init-after","    (function () {","        return;","    }());","    switch (local.modeJs) {","","","","    // run browser js-env code - init-after","    case 'browser':","        local.testCase_browser_nullCase = local.testCase_browser_nullCase || function (","            options,","            onError","        ) {","        /*","         * this function will test browsers's null-case handling-behavior-behavior","         */","            onError(null, options);","        };","","        // run tests","        local.nop(local.modeTest &&","            document.querySelector('#testRunButton1') &&","            document.querySelector('#testRunButton1').click());","        break;","","","","    // run node js-env code - init-after","    /* istanbul ignore next */","    case 'node':","        local.testCase_buildApidoc_default = local.testCase_buildApidoc_default || function (","            options,","            onError","        ) {","        /*","         * this function will test buildApidoc's default handling-behavior-behavior","         */","            options = { modulePathList: module.paths };","            local.buildApidoc(options, onError);","        };","","        local.testCase_buildApp_default = local.testCase_buildApp_default || function (","            options,","            onError","        ) {","        /*","         * this function will test buildApp's default handling-behavior-behavior","         */","            local.testCase_buildReadme_default(options, local.onErrorThrow);","            local.testCase_buildLib_default(options, local.onErrorThrow);","            local.testCase_buildTest_default(options, local.onErrorThrow);","            local.testCase_buildCustomOrg_default(options, local.onErrorThrow);","            options = [];","            local.buildApp(options, onError);","        };","","        local.testCase_buildCustomOrg_default = local.testCase_buildCustomOrg_default ||","            function (options, onError) {","            /*","             * this function will test buildCustomOrg's default handling-behavior","             */","                options = {};","                local.buildCustomOrg(options, onError);","            };","","        local.testCase_buildLib_default = local.testCase_buildLib_default || function (","            options,","            onError","        ) {","        /*","         * this function will test buildLib's default handling-behavior","         */","            options = {};","            local.buildLib(options, onError);","        };","","        local.testCase_buildReadme_default = local.testCase_buildReadme_default || function (","            options,","            onError","        ) {","        /*","         * this function will test buildReadme's default handling-behavior-behavior","         */","            options = {};","            local.buildReadme(options, onError);","        };","","        local.testCase_buildTest_default = local.testCase_buildTest_default || function (","            options,","            onError","        ) {","        /*","         * this function will test buildTest's default handling-behavior","         */","            options = {};","            local.buildTest(options, onError);","        };","","        local.testCase_webpage_default = local.testCase_webpage_default || function (","            options,","            onError","        ) {","        /*","         * this function will test webpage's default handling-behavior","         */","            options = { modeCoverageMerge: true, url: local.serverLocalHost + '?modeTest=1' };","            local.browserTest(options, onError);","        };","","        // run test-server","        local.testRunServer(local);","        break;","    }","}());",""],"l":{"12":2,"14":2,"19":2,"21":2,"23":2,"24":2,"25":2,"30":1,"37":2,"40":2,"43":1,"47":1,"50":1,"52":1,"55":2,"61":2,"62":2,"64":2,"70":1,"76":1,"82":2,"83":2,"85":2,"91":1,"98":1,"102":1,"105":1,"112":1,"119":1,"120":1,"123":1,"130":1,"131":1,"132":1,"133":1,"134":1,"135":1,"138":1,"143":2,"144":2,"147":1,"154":2,"155":2,"158":1,"165":2,"166":2,"169":1,"176":2,"177":2,"180":1,"187":1,"188":1,"192":1,"193":1}},"/home/travis/build/npmtest/node-npmtest-babel-plugin-react-transform/lib.npmtest_babel_plugin_react_transform.js":{"path":"/home/travis/build/npmtest/node-npmtest-babel-plugin-react-transform/lib.npmtest_babel_plugin_react_transform.js","s":{"1":2,"2":2,"3":2,"4":2,"5":2,"6":2,"7":2,"8":1,"9":2,"10":2,"11":2,"12":2,"13":1,"14":1,"15":1,"16":1},"b":{"1":[2,1,1,1],"2":[1,1,1,1],"3":[1,1],"4":[2,2],"5":[1,1]},"f":{"1":2,"2":2,"3":2},"fnMap":{"1":{"name":"(anonymous_1)","line":12,"loc":{"start":{"line":12,"column":1},"end":{"line":12,"column":13}}},"2":{"name":"(anonymous_2)","line":19,"loc":{"start":{"line":19,"column":5},"end":{"line":19,"column":17}}},"3":{"name":"(anonymous_3)","line":23,"loc":{"start":{"line":23,"column":24},"end":{"line":23,"column":36}}}},"statementMap":{"1":{"start":{"line":12,"column":0},"end":{"line":53,"column":5}},"2":{"start":{"line":14,"column":4},"end":{"line":14,"column":14}},"3":{"start":{"line":19,"column":4},"end":{"line":52,"column":9}},"4":{"start":{"line":21,"column":8},"end":{"line":21,"column":19}},"5":{"start":{"line":23,"column":8},"end":{"line":35,"column":13}},"6":{"start":{"line":24,"column":12},"end":{"line":34,"column":13}},"7":{"start":{"line":25,"column":16},"end":{"line":28,"column":30}},"8":{"start":{"line":30,"column":16},"end":{"line":33,"column":27}},"9":{"start":{"line":37,"column":8},"end":{"line":39,"column":21}},"10":{"start":{"line":41,"column":8},"end":{"line":41,"column":54}},"11":{"start":{"line":43,"column":8},"end":{"line":43,"column":73}},"12":{"start":{"line":45,"column":8},"end":{"line":51,"column":9}},"13":{"start":{"line":46,"column":12},"end":{"line":46,"column":79}},"14":{"start":{"line":48,"column":12},"end":{"line":48,"column":35}},"15":{"start":{"line":49,"column":12},"end":{"line":49,"column":49}},"16":{"start":{"line":50,"column":12},"end":{"line":50,"column":43}}},"branchMap":{"1":{"line":25,"type":"binary-expr","locations":[{"start":{"line":25,"column":23},"end":{"line":25,"column":62}},{"start":{"line":26,"column":20},"end":{"line":26,"column":70}},{"start":{"line":27,"column":20},"end":{"line":27,"column":71}},{"start":{"line":28,"column":20},"end":{"line":28,"column":29}}]},"2":{"line":30,"type":"binary-expr","locations":[{"start":{"line":30,"column":23},"end":{"line":30,"column":37}},{"start":{"line":31,"column":20},"end":{"line":31,"column":61}},{"start":{"line":32,"column":20},"end":{"line":32,"column":70}},{"start":{"line":33,"column":20},"end":{"line":33,"column":26}}]},"3":{"line":37,"type":"cond-expr","locations":[{"start":{"line":38,"column":14},"end":{"line":38,"column":20}},{"start":{"line":39,"column":14},"end":{"line":39,"column":20}}]},"4":{"line":41,"type":"binary-expr","locations":[{"start":{"line":41,"column":16},"end":{"line":41,"column":44}},{"start":{"line":41,"column":48},"end":{"line":41,"column":53}}]},"5":{"line":45,"type":"if","locations":[{"start":{"line":45,"column":8},"end":{"line":45,"column":8}},{"start":{"line":45,"column":8},"end":{"line":45,"column":8}}]}},"code":["/* istanbul instrument in package npmtest_babel_plugin_react_transform */","/*jslint","    bitwise: true,","    browser: true,","    maxerr: 8,","    maxlen: 96,","    node: true,","    nomen: true,","    regexp: true,","    stupid: true","*/","(function () {","    'use strict';","    var local;","","","","    // run shared js-env code - init-before","    (function () {","        // init local","        local = {};","        // init modeJs","        local.modeJs = (function () {","            try {","                return typeof navigator.userAgent === 'string' &&","                    typeof document.querySelector('body') === 'object' &&","                    typeof XMLHttpRequest.prototype.open === 'function' &&","                    'browser';","            } catch (errorCaughtBrowser) {","                return module.exports &&","                    typeof process.versions.node === 'string' &&","                    typeof require('http').createServer === 'function' &&","                    'node';","            }","        }());","        // init global","        local.global = local.modeJs === 'browser'","            ? window","            : global;","        // init utility2_rollup","        local = local.global.utility2_rollup || local;","        // init lib","        local.local = local.npmtest_babel_plugin_react_transform = local;","        // init exports","        if (local.modeJs === 'browser') {","            local.global.utility2_npmtest_babel_plugin_react_transform = local;","        } else {","            module.exports = local;","            module.exports.__dirname = __dirname;","            module.exports.module = module;","        }","    }());","}());",""],"l":{"12":2,"14":2,"19":2,"21":2,"23":2,"24":2,"25":2,"30":1,"37":2,"41":2,"43":2,"45":2,"46":1,"48":1,"49":1,"50":1}},"/home/travis/build/npmtest/node-npmtest-babel-plugin-react-transform/example.js":{"path":"/home/travis/build/npmtest/node-npmtest-babel-plugin-react-transform/example.js","s":{"1":2,"2":2,"3":2,"4":2,"5":2,"6":2,"7":2,"8":1,"9":2,"10":2,"11":2,"12":2,"13":1,"14":2,"15":2,"16":2,"17":2,"18":2,"19":0,"20":2,"21":1,"22":1,"23":1,"24":1,"25":1,"26":0,"27":0,"28":1,"29":1,"30":2,"31":0,"32":0,"33":0,"34":1,"35":2,"36":2,"37":3,"38":3,"39":3,"40":3,"41":0,"42":3,"43":3,"44":3,"45":1,"46":3,"47":1,"48":1,"49":1,"50":1,"51":1,"52":1,"53":1,"54":1,"55":1,"56":1,"57":0,"58":1,"59":6,"60":6,"61":1,"62":2,"63":0,"64":2,"65":1,"66":1,"67":0,"68":0,"69":0,"70":0,"71":0,"72":0,"73":0,"74":0,"75":0,"76":0,"77":0,"78":0,"79":0,"80":0,"81":0,"82":0,"83":0},"b":{"1":[2,1,1,1],"2":[1,1,1,1],"3":[1,1],"4":[2,2],"5":[1,1],"6":[1,1],"7":[2,0],"8":[2,1,1,1,1,1],"9":[0,2,0],"10":[1,1],"11":[2,1,1],"12":[1,0],"13":[0,2],"14":[2,0,0,0,0,0,0],"15":[0,3],"16":[3,0],"17":[1,1],"18":[0,1],"19":[1,2,0,2],"20":[1,0],"21":[1,1],"22":[0,0],"23":[0,0],"24":[0,0],"25":[0,0],"26":[0,0],"27":[0,0],"28":[0,0]},"f":{"1":2,"2":2,"3":2,"4":2,"5":2,"6":2,"7":3,"8":3,"9":3,"10":1,"11":6,"12":0},"fnMap":{"1":{"name":"(anonymous_1)","line":26,"loc":{"start":{"line":26,"column":1},"end":{"line":26,"column":13}}},"2":{"name":"(anonymous_2)","line":33,"loc":{"start":{"line":33,"column":5},"end":{"line":33,"column":17}}},"3":{"name":"(anonymous_3)","line":37,"loc":{"start":{"line":37,"column":24},"end":{"line":37,"column":36}}},"4":{"name":"(anonymous_4)","line":69,"loc":{"start":{"line":69,"column":31},"end":{"line":69,"column":48}},"skip":true},"5":{"name":"(anonymous_5)","line":78,"loc":{"start":{"line":78,"column":26},"end":{"line":78,"column":45}},"skip":true},"6":{"name":"(anonymous_6)","line":123,"loc":{"start":{"line":123,"column":33},"end":{"line":123,"column":48}},"skip":true},"7":{"name":"(anonymous_7)","line":125,"loc":{"start":{"line":125,"column":27},"end":{"line":125,"column":39}},"skip":true},"8":{"name":"(anonymous_8)","line":133,"loc":{"start":{"line":133,"column":59},"end":{"line":133,"column":74}},"skip":true},"9":{"name":"(anonymous_9)","line":143,"loc":{"start":{"line":143,"column":45},"end":{"line":143,"column":62}},"skip":true},"10":{"name":"(anonymous_10)","line":144,"loc":{"start":{"line":144,"column":73},"end":{"line":144,"column":92}},"skip":true},"11":{"name":"(anonymous_11)","line":272,"loc":{"start":{"line":272,"column":51},"end":{"line":272,"column":77}},"skip":true},"12":{"name":"(anonymous_12)","line":315,"loc":{"start":{"line":315,"column":32},"end":{"line":315,"column":61}},"skip":true}},"statementMap":{"1":{"start":{"line":26,"column":0},"end":{"line":326,"column":5}},"2":{"start":{"line":28,"column":4},"end":{"line":28,"column":14}},"3":{"start":{"line":33,"column":4},"end":{"line":60,"column":9}},"4":{"start":{"line":35,"column":8},"end":{"line":35,"column":19}},"5":{"start":{"line":37,"column":8},"end":{"line":49,"column":13}},"6":{"start":{"line":38,"column":12},"end":{"line":48,"column":13}},"7":{"start":{"line":39,"column":16},"end":{"line":42,"column":30}},"8":{"start":{"line":44,"column":16},"end":{"line":47,"column":27}},"9":{"start":{"line":51,"column":8},"end":{"line":53,"column":21}},"10":{"start":{"line":55,"column":8},"end":{"line":57,"column":45}},"11":{"start":{"line":59,"column":8},"end":{"line":59,"column":35}},"12":{"start":{"line":61,"column":4},"end":{"line":325,"column":5}},"13":{"start":{"line":69,"column":8},"end":{"line":121,"column":10},"skip":true},"14":{"start":{"line":70,"column":12},"end":{"line":88,"column":13},"skip":true},"15":{"start":{"line":76,"column":16},"end":{"line":87,"column":19},"skip":true},"16":{"start":{"line":79,"column":20},"end":{"line":86,"column":21},"skip":true},"17":{"start":{"line":82,"column":24},"end":{"line":82,"column":43},"skip":true},"18":{"start":{"line":83,"column":24},"end":{"line":83,"column":30},"skip":true},"19":{"start":{"line":85,"column":24},"end":{"line":85,"column":49},"skip":true},"20":{"start":{"line":89,"column":12},"end":{"line":107,"column":13},"skip":true},"21":{"start":{"line":92,"column":16},"end":{"line":102,"column":17},"skip":true},"22":{"start":{"line":93,"column":20},"end":{"line":93,"column":86},"skip":true},"23":{"start":{"line":94,"column":20},"end":{"line":95,"column":45},"skip":true},"24":{"start":{"line":96,"column":20},"end":{"line":96,"column":42},"skip":true},"25":{"start":{"line":97,"column":20},"end":{"line":97,"column":48},"skip":true},"26":{"start":{"line":100,"column":20},"end":{"line":100,"column":85},"skip":true},"27":{"start":{"line":101,"column":20},"end":{"line":101,"column":96},"skip":true},"28":{"start":{"line":103,"column":16},"end":{"line":103,"column":22},"skip":true},"29":{"start":{"line":106,"column":16},"end":{"line":106,"column":22},"skip":true},"30":{"start":{"line":108,"column":12},"end":{"line":120,"column":13},"skip":true},"31":{"start":{"line":114,"column":16},"end":{"line":119,"column":17},"skip":true},"32":{"start":{"line":116,"column":20},"end":{"line":116,"column":78},"skip":true},"33":{"start":{"line":118,"column":20},"end":{"line":118,"column":47},"skip":true},"34":{"start":{"line":123,"column":8},"end":{"line":141,"column":11},"skip":true},"35":{"start":{"line":124,"column":12},"end":{"line":124,"column":54},"skip":true},"36":{"start":{"line":125,"column":12},"end":{"line":140,"column":14},"skip":true},"37":{"start":{"line":126,"column":16},"end":{"line":126,"column":28},"skip":true},"38":{"start":{"line":127,"column":16},"end":{"line":127,"column":69},"skip":true},"39":{"start":{"line":128,"column":16},"end":{"line":128,"column":75},"skip":true},"40":{"start":{"line":129,"column":16},"end":{"line":131,"column":17},"skip":true},"41":{"start":{"line":130,"column":20},"end":{"line":130,"column":27},"skip":true},"42":{"start":{"line":133,"column":16},"end":{"line":137,"column":36},"skip":true},"43":{"start":{"line":134,"column":20},"end":{"line":136,"column":55},"skip":true},"44":{"start":{"line":139,"column":16},"end":{"line":139,"column":57},"skip":true},"45":{"start":{"line":143,"column":8},"end":{"line":147,"column":11},"skip":true},"46":{"start":{"line":144,"column":12},"end":{"line":146,"column":15},"skip":true},"47":{"start":{"line":145,"column":16},"end":{"line":145,"column":70},"skip":true},"48":{"start":{"line":149,"column":8},"end":{"line":149,"column":31},"skip":true},"49":{"start":{"line":150,"column":8},"end":{"line":150,"column":14},"skip":true},"50":{"start":{"line":158,"column":8},"end":{"line":158,"column":31},"skip":true},"51":{"start":{"line":160,"column":8},"end":{"line":160,"column":33},"skip":true},"52":{"start":{"line":161,"column":8},"end":{"line":161,"column":37},"skip":true},"53":{"start":{"line":162,"column":8},"end":{"line":162,"column":35},"skip":true},"54":{"start":{"line":164,"column":8},"end":{"line":164,"column":50},"skip":true},"55":{"start":{"line":166,"column":8},"end":{"line":256,"column":2},"skip":true},"56":{"start":{"line":258,"column":8},"end":{"line":286,"column":9},"skip":true},"57":{"start":{"line":259,"column":12},"end":{"line":269,"column":14},"skip":true},"58":{"start":{"line":271,"column":12},"end":{"line":285,"column":19},"skip":true},"59":{"start":{"line":274,"column":20},"end":{"line":274,"column":35},"skip":true},"60":{"start":{"line":275,"column":20},"end":{"line":284,"column":21},"skip":true},"61":{"start":{"line":277,"column":24},"end":{"line":277,"column":64},"skip":true},"62":{"start":{"line":279,"column":24},"end":{"line":279,"column":40},"skip":true},"63":{"start":{"line":281,"column":24},"end":{"line":281,"column":40},"skip":true},"64":{"start":{"line":283,"column":24},"end":{"line":283,"column":39},"skip":true},"65":{"start":{"line":288,"column":8},"end":{"line":290,"column":9},"skip":true},"66":{"start":{"line":289,"column":12},"end":{"line":289,"column":18},"skip":true},"67":{"start":{"line":291,"column":8},"end":{"line":293,"column":54},"skip":true},"68":{"start":{"line":296,"column":8},"end":{"line":301,"column":37},"skip":true},"69":{"start":{"line":303,"column":8},"end":{"line":303,"column":82},"skip":true},"70":{"start":{"line":306,"column":8},"end":{"line":308,"column":9},"skip":true},"71":{"start":{"line":307,"column":12},"end":{"line":307,"column":82},"skip":true},"72":{"start":{"line":310,"column":8},"end":{"line":312,"column":9},"skip":true},"73":{"start":{"line":311,"column":12},"end":{"line":311,"column":18},"skip":true},"74":{"start":{"line":313,"column":8},"end":{"line":313,"column":54},"skip":true},"75":{"start":{"line":314,"column":8},"end":{"line":314,"column":69},"skip":true},"76":{"start":{"line":315,"column":8},"end":{"line":323,"column":36},"skip":true},"77":{"start":{"line":316,"column":12},"end":{"line":316,"column":61},"skip":true},"78":{"start":{"line":317,"column":12},"end":{"line":320,"column":13},"skip":true},"79":{"start":{"line":318,"column":16},"end":{"line":318,"column":75},"skip":true},"80":{"start":{"line":319,"column":16},"end":{"line":319,"column":23},"skip":true},"81":{"start":{"line":321,"column":12},"end":{"line":321,"column":38},"skip":true},"82":{"start":{"line":322,"column":12},"end":{"line":322,"column":27},"skip":true},"83":{"start":{"line":324,"column":8},"end":{"line":324,"column":14},"skip":true}},"branchMap":{"1":{"line":39,"type":"binary-expr","locations":[{"start":{"line":39,"column":23},"end":{"line":39,"column":62}},{"start":{"line":40,"column":20},"end":{"line":40,"column":70}},{"start":{"line":41,"column":20},"end":{"line":41,"column":71}},{"start":{"line":42,"column":20},"end":{"line":42,"column":29}}]},"2":{"line":44,"type":"binary-expr","locations":[{"start":{"line":44,"column":23},"end":{"line":44,"column":37}},{"start":{"line":45,"column":20},"end":{"line":45,"column":61}},{"start":{"line":46,"column":20},"end":{"line":46,"column":70}},{"start":{"line":47,"column":20},"end":{"line":47,"column":26}}]},"3":{"line":51,"type":"cond-expr","locations":[{"start":{"line":52,"column":14},"end":{"line":52,"column":20}},{"start":{"line":53,"column":14},"end":{"line":53,"column":20}}]},"4":{"line":55,"type":"binary-expr","locations":[{"start":{"line":55,"column":16},"end":{"line":55,"column":44}},{"start":{"line":55,"column":49},"end":{"line":57,"column":43}}]},"5":{"line":55,"type":"cond-expr","locations":[{"start":{"line":56,"column":14},"end":{"line":56,"column":72}},{"start":{"line":57,"column":14},"end":{"line":57,"column":43}}]},"6":{"line":61,"type":"switch","locations":[{"start":{"line":68,"column":4},"end":{"line":150,"column":14},"skip":true},{"start":{"line":156,"column":4},"end":{"line":324,"column":14},"skip":true}]},"7":{"line":70,"type":"if","locations":[{"start":{"line":70,"column":12},"end":{"line":70,"column":12},"skip":true},{"start":{"line":70,"column":12},"end":{"line":70,"column":12},"skip":true}]},"8":{"line":70,"type":"binary-expr","locations":[{"start":{"line":70,"column":16},"end":{"line":70,"column":22},"skip":true},{"start":{"line":70,"column":27},"end":{"line":70,"column":32},"skip":true},{"start":{"line":71,"column":20},"end":{"line":71,"column":39},"skip":true},{"start":{"line":72,"column":20},"end":{"line":72,"column":49},"skip":true},{"start":{"line":73,"column":20},"end":{"line":73,"column":58},"skip":true},{"start":{"line":74,"column":20},"end":{"line":74,"column":69},"skip":true}]},"9":{"line":79,"type":"switch","locations":[{"start":{"line":80,"column":20},"end":{"line":80,"column":33},"skip":true},{"start":{"line":81,"column":20},"end":{"line":83,"column":30},"skip":true},{"start":{"line":84,"column":20},"end":{"line":85,"column":49},"skip":true}]},"10":{"line":89,"type":"switch","locations":[{"start":{"line":90,"column":12},"end":{"line":103,"column":22},"skip":true},{"start":{"line":105,"column":12},"end":{"line":106,"column":22},"skip":true}]},"11":{"line":89,"type":"binary-expr","locations":[{"start":{"line":89,"column":20},"end":{"line":89,"column":25},"skip":true},{"start":{"line":89,"column":29},"end":{"line":89,"column":48},"skip":true},{"start":{"line":89,"column":52},"end":{"line":89,"column":74},"skip":true}]},"12":{"line":92,"type":"if","locations":[{"start":{"line":92,"column":16},"end":{"line":92,"column":16},"skip":true},{"start":{"line":92,"column":16},"end":{"line":92,"column":16},"skip":true}]},"13":{"line":108,"type":"if","locations":[{"start":{"line":108,"column":12},"end":{"line":108,"column":12},"skip":true},{"start":{"line":108,"column":12},"end":{"line":108,"column":12},"skip":true}]},"14":{"line":108,"type":"binary-expr","locations":[{"start":{"line":108,"column":16},"end":{"line":108,"column":61},"skip":true},{"start":{"line":108,"column":66},"end":{"line":108,"column":72},"skip":true},{"start":{"line":108,"column":77},"end":{"line":108,"column":82},"skip":true},{"start":{"line":109,"column":20},"end":{"line":109,"column":39},"skip":true},{"start":{"line":110,"column":20},"end":{"line":110,"column":49},"skip":true},{"start":{"line":111,"column":20},"end":{"line":111,"column":58},"skip":true},{"start":{"line":112,"column":20},"end":{"line":112,"column":68},"skip":true}]},"15":{"line":129,"type":"if","locations":[{"start":{"line":129,"column":16},"end":{"line":129,"column":16},"skip":true},{"start":{"line":129,"column":16},"end":{"line":129,"column":16},"skip":true}]},"16":{"line":134,"type":"cond-expr","locations":[{"start":{"line":135,"column":26},"end":{"line":135,"column":29},"skip":true},{"start":{"line":136,"column":26},"end":{"line":136,"column":54},"skip":true}]},"17":{"line":164,"type":"binary-expr","locations":[{"start":{"line":164,"column":27},"end":{"line":164,"column":43},"skip":true},{"start":{"line":164,"column":47},"end":{"line":164,"column":49},"skip":true}]},"18":{"line":258,"type":"if","locations":[{"start":{"line":258,"column":8},"end":{"line":258,"column":8},"skip":true},{"start":{"line":258,"column":8},"end":{"line":258,"column":8},"skip":true}]},"19":{"line":275,"type":"switch","locations":[{"start":{"line":276,"column":20},"end":{"line":277,"column":64},"skip":true},{"start":{"line":278,"column":20},"end":{"line":279,"column":40},"skip":true},{"start":{"line":280,"column":20},"end":{"line":281,"column":40},"skip":true},{"start":{"line":282,"column":20},"end":{"line":283,"column":39},"skip":true}]},"20":{"line":288,"type":"if","locations":[{"start":{"line":288,"column":8},"end":{"line":288,"column":8},"skip":true},{"start":{"line":288,"column":8},"end":{"line":288,"column":8},"skip":true}]},"21":{"line":288,"type":"binary-expr","locations":[{"start":{"line":288,"column":12},"end":{"line":288,"column":40},"skip":true},{"start":{"line":288,"column":44},"end":{"line":288,"column":67},"skip":true}]},"22":{"line":292,"type":"binary-expr","locations":[{"start":{"line":292,"column":12},"end":{"line":292,"column":50},"skip":true},{"start":{"line":293,"column":12},"end":{"line":293,"column":53},"skip":true}]},"23":{"line":297,"type":"binary-expr","locations":[{"start":{"line":297,"column":12},"end":{"line":297,"column":86},"skip":true},{"start":{"line":298,"column":12},"end":{"line":301,"column":36},"skip":true}]},"24":{"line":303,"type":"binary-expr","locations":[{"start":{"line":303,"column":43},"end":{"line":303,"column":75},"skip":true},{"start":{"line":303,"column":79},"end":{"line":303,"column":81},"skip":true}]},"25":{"line":306,"type":"if","locations":[{"start":{"line":306,"column":8},"end":{"line":306,"column":8},"skip":true},{"start":{"line":306,"column":8},"end":{"line":306,"column":8},"skip":true}]},"26":{"line":310,"type":"if","locations":[{"start":{"line":310,"column":8},"end":{"line":310,"column":8},"skip":true},{"start":{"line":310,"column":8},"end":{"line":310,"column":8},"skip":true}]},"27":{"line":313,"type":"binary-expr","locations":[{"start":{"line":313,"column":27},"end":{"line":313,"column":43},"skip":true},{"start":{"line":313,"column":47},"end":{"line":313,"column":53},"skip":true}]},"28":{"line":317,"type":"if","locations":[{"start":{"line":317,"column":12},"end":{"line":317,"column":12},"skip":true},{"start":{"line":317,"column":12},"end":{"line":317,"column":12},"skip":true}]}},"code":["/*","example.js","","quickstart example","","instruction","    1. save this script as example.js","    2. run the shell command:","        $ npm install npmtest-babel-plugin-react-transform && PORT=8081 node example.js","    3. play with the browser-demo on http://127.0.0.1:8081","*/","","","","/* istanbul instrument in package npmtest_babel_plugin_react_transform */","/*jslint","    bitwise: true,","    browser: true,","    maxerr: 8,","    maxlen: 96,","    node: true,","    nomen: true,","    regexp: true,","    stupid: true","*/","(function () {","    'use strict';","    var local;","","","","    // run shared js-env code - init-before","    (function () {","        // init local","        local = {};","        // init modeJs","        local.modeJs = (function () {","            try {","                return typeof navigator.userAgent === 'string' &&","                    typeof document.querySelector('body') === 'object' &&","                    typeof XMLHttpRequest.prototype.open === 'function' &&","                    'browser';","            } catch (errorCaughtBrowser) {","                return module.exports &&","                    typeof process.versions.node === 'string' &&","                    typeof require('http').createServer === 'function' &&","                    'node';","            }","        }());","        // init global","        local.global = local.modeJs === 'browser'","            ? window","            : global;","        // init utility2_rollup","        local = local.global.utility2_rollup || (local.modeJs === 'browser'","            ? local.global.utility2_npmtest_babel_plugin_react_transform","            : global.utility2_moduleExports);","        // export local","        local.global.local = local;","    }());","    switch (local.modeJs) {","","","","    // init-after","    // run browser js-env code - init-after","    /* istanbul ignore next */","    case 'browser':","        local.testRunBrowser = function (event) {","            if (!event || (event &&","                    event.currentTarget &&","                    event.currentTarget.className &&","                    event.currentTarget.className.includes &&","                    event.currentTarget.className.includes('onreset'))) {","                // reset output","                Array.from(","                    document.querySelectorAll('body > .resettable')","                ).forEach(function (element) {","                    switch (element.tagName) {","                    case 'INPUT':","                    case 'TEXTAREA':","                        element.value = '';","                        break;","                    default:","                        element.textContent = '';","                    }","                });","            }","            switch (event && event.currentTarget && event.currentTarget.id) {","            case 'testRunButton1':","                // show tests","                if (document.querySelector('#testReportDiv1').style.display === 'none') {","                    document.querySelector('#testReportDiv1').style.display = 'block';","                    document.querySelector('#testRunButton1').textContent =","                        'hide internal test';","                    local.modeTest = true;","                    local.testRunDefault(local);","                // hide tests","                } else {","                    document.querySelector('#testReportDiv1').style.display = 'none';","                    document.querySelector('#testRunButton1').textContent = 'run internal test';","                }","                break;","            // custom-case","            default:","                break;","            }","            if (document.querySelector('#inputTextareaEval1') && (!event || (event &&","                    event.currentTarget &&","                    event.currentTarget.className &&","                    event.currentTarget.className.includes &&","                    event.currentTarget.className.includes('oneval')))) {","                // try to eval input-code","                try {","                    /*jslint evil: true*/","                    eval(document.querySelector('#inputTextareaEval1').value);","                } catch (errorCaught) {","                    console.error(errorCaught);","                }","            }","        };","        // log stderr and stdout to #outputTextareaStdout1","        ['error', 'log'].forEach(function (key) {","            console[key + '_original'] = console[key];","            console[key] = function () {","                var element;","                console[key + '_original'].apply(console, arguments);","                element = document.querySelector('#outputTextareaStdout1');","                if (!element) {","                    return;","                }","                // append text to #outputTextareaStdout1","                element.value += Array.from(arguments).map(function (arg) {","                    return typeof arg === 'string'","                        ? arg","                        : JSON.stringify(arg, null, 4);","                }).join(' ') + '\\n';","                // scroll textarea to bottom","                element.scrollTop = element.scrollHeight;","            };","        });","        // init event-handling","        ['change', 'click', 'keyup'].forEach(function (event) {","            Array.from(document.querySelectorAll('.on' + event)).forEach(function (element) {","                element.addEventListener(event, local.testRunBrowser);","            });","        });","        // run tests","        local.testRunBrowser();","        break;","","","","    // run node js-env code - init-after","    /* istanbul ignore next */","    case 'node':","        // export local","        module.exports = local;","        // require modules","        local.fs = require('fs');","        local.http = require('http');","        local.url = require('url');","        // init assets","        local.assetsDict = local.assetsDict || {};","        /* jslint-ignore-begin */","        local.assetsDict['/assets.index.template.html'] = '\\","<!doctype html>\\n\\","<html lang=\"en\">\\n\\","<head>\\n\\","<meta charset=\"UTF-8\">\\n\\","<meta name=\"viewport\" content=\"width=device-width, initial-scale=1\">\\n\\","<title>{{env.npm_package_name}} (v{{env.npm_package_version}})</title>\\n\\","<style>\\n\\","/*csslint\\n\\","    box-sizing: false,\\n\\","    universal-selector: false\\n\\","*/\\n\\","* {\\n\\","    box-sizing: border-box;\\n\\","}\\n\\","body {\\n\\","    background: #dde;\\n\\","    font-family: Arial, Helvetica, sans-serif;\\n\\","    margin: 2rem;\\n\\","}\\n\\","body > * {\\n\\","    margin-bottom: 1rem;\\n\\","}\\n\\",".utility2FooterDiv {\\n\\","    margin-top: 20px;\\n\\","    text-align: center;\\n\\","}\\n\\","</style>\\n\\","<style>\\n\\","/*csslint\\n\\","*/\\n\\","textarea {\\n\\","    font-family: monospace;\\n\\","    height: 10rem;\\n\\","    width: 100%;\\n\\","}\\n\\","textarea[readonly] {\\n\\","    background: #ddd;\\n\\","}\\n\\","</style>\\n\\","</head>\\n\\","<body>\\n\\","<!-- utility2-comment\\n\\","<div id=\"ajaxProgressDiv1\" style=\"background: #d00; height: 2px; left: 0; margin: 0; padding: 0; position: fixed; top: 0; transition: background 0.5s, width 1.5s; width: 25%;\"></div>\\n\\","utility2-comment -->\\n\\","<h1>\\n\\","<!-- utility2-comment\\n\\","    <a\\n\\","        {{#if env.npm_package_homepage}}\\n\\","        href=\"{{env.npm_package_homepage}}\"\\n\\","        {{/if env.npm_package_homepage}}\\n\\","        target=\"_blank\"\\n\\","    >\\n\\","utility2-comment -->\\n\\","        {{env.npm_package_name}} (v{{env.npm_package_version}})\\n\\","<!-- utility2-comment\\n\\","    </a>\\n\\","utility2-comment -->\\n\\","</h1>\\n\\","<h3>{{env.npm_package_description}}</h3>\\n\\","<!-- utility2-comment\\n\\","<h4><a download href=\"assets.app.js\">download standalone app</a></h4>\\n\\","<button class=\"onclick onreset\" id=\"testRunButton1\">run internal test</button><br>\\n\\","<div id=\"testReportDiv1\" style=\"display: none;\"></div>\\n\\","utility2-comment -->\\n\\","\\n\\","\\n\\","\\n\\","<label>stderr and stdout</label>\\n\\","<textarea class=\"resettable\" id=\"outputTextareaStdout1\" readonly></textarea>\\n\\","<!-- utility2-comment\\n\\","{{#if isRollup}}\\n\\","<script src=\"assets.app.js\"></script>\\n\\","{{#unless isRollup}}\\n\\","utility2-comment -->\\n\\","<script src=\"assets.utility2.rollup.js\"></script>\\n\\","<script src=\"jsonp.utility2._stateInit?callback=window.utility2._stateInit\"></script>\\n\\","<script src=\"assets.npmtest_babel_plugin_react_transform.rollup.js\"></script>\\n\\","<script src=\"assets.example.js\"></script>\\n\\","<script src=\"assets.test.js\"></script>\\n\\","<!-- utility2-comment\\n\\","{{/if isRollup}}\\n\\","utility2-comment -->\\n\\","<div class=\"utility2FooterDiv\">\\n\\","    [ this app was created with\\n\\","    <a href=\"https://github.com/kaizhu256/node-utility2\" target=\"_blank\">utility2</a>\\n\\","    ]\\n\\","</div>\\n\\","</body>\\n\\","</html>\\n\\","';","        /* jslint-ignore-end */","        if (local.templateRender) {","            local.assetsDict['/'] = local.templateRender(","                local.assetsDict['/assets.index.template.html'],","                {","                    env: local.objectSetDefault(local.env, {","                        npm_package_description: 'the greatest app in the world!',","                        npm_package_name: 'my-app',","                        npm_package_nameAlias: 'my_app',","                        npm_package_version: '0.0.1'","                    })","                }","            );","        } else {","            local.assetsDict['/'] = local.assetsDict['/assets.index.template.html']","                .replace((/\\{\\{env\\.(\\w+?)\\}\\}/g), function (match0, match1) {","                    // jslint-hack","                    String(match0);","                    switch (match1) {","                    case 'npm_package_description':","                        return 'the greatest app in the world!';","                    case 'npm_package_name':","                        return 'my-app';","                    case 'npm_package_nameAlias':","                        return 'my_app';","                    case 'npm_package_version':","                        return '0.0.1';","                    }","                });","        }","        // run the cli","        if (local.global.utility2_rollup || module !== require.main) {","            break;","        }","        local.assetsDict['/assets.example.js'] =","            local.assetsDict['/assets.example.js'] ||","            local.fs.readFileSync(__filename, 'utf8');","        // bug-workaround - long $npm_package_buildCustomOrg","        /* jslint-ignore-begin */","        local.assetsDict['/assets.npmtest_babel_plugin_react_transform.rollup.js'] =","            local.assetsDict['/assets.npmtest_babel_plugin_react_transform.rollup.js'] ||","            local.fs.readFileSync(","                local.npmtest_babel_plugin_react_transform.__dirname + '/lib.npmtest_babel_plugin_react_transform.js',","                'utf8'","            ).replace((/^#!/), '//');","        /* jslint-ignore-end */","        local.assetsDict['/favicon.ico'] = local.assetsDict['/favicon.ico'] || '';","        // if $npm_config_timeout_exit exists,","        // then exit this process after $npm_config_timeout_exit ms","        if (Number(process.env.npm_config_timeout_exit)) {","            setTimeout(process.exit, Number(process.env.npm_config_timeout_exit));","        }","        // start server","        if (local.global.utility2_serverHttp1) {","            break;","        }","        process.env.PORT = process.env.PORT || '8081';","        console.error('server starting on port ' + process.env.PORT);","        local.http.createServer(function (request, response) {","            request.urlParsed = local.url.parse(request.url);","            if (local.assetsDict[request.urlParsed.pathname] !== undefined) {","                response.end(local.assetsDict[request.urlParsed.pathname]);","                return;","            }","            response.statusCode = 404;","            response.end();","        }).listen(process.env.PORT);","        break;","    }","}());",""],"l":{"26":2,"28":2,"33":2,"35":2,"37":2,"38":2,"39":2,"44":1,"51":2,"55":2,"59":2,"61":2,"69":1,"70":2,"76":2,"79":2,"82":2,"83":2,"85":1,"89":2,"92":1,"93":1,"94":1,"96":1,"97":1,"100":1,"101":1,"103":1,"106":1,"108":2,"114":1,"116":1,"118":1,"123":1,"124":2,"125":2,"126":3,"127":3,"128":3,"129":3,"130":1,"133":3,"134":3,"139":3,"143":1,"144":3,"145":1,"149":1,"150":1,"158":1,"160":1,"161":1,"162":1,"164":1,"166":1,"258":1,"259":1,"271":1,"274":6,"275":6,"277":1,"279":2,"281":1,"283":2,"288":1,"289":1,"291":1,"296":1,"303":1,"306":1,"307":1,"310":1,"311":1,"313":1,"314":1,"315":1,"316":1,"317":1,"318":1,"319":1,"321":1,"322":1,"324":1}},"/home/travis/build/npmtest/node-npmtest-babel-plugin-react-transform/node_modules/babel-plugin-react-transform/lib/index.js":{"path":"/home/travis/build/npmtest/node-npmtest-babel-plugin-react-transform/node_modules/babel-plugin-react-transform/lib/index.js","s":{"1":1,"2":1,"3":0,"4":0,"5":1,"6":1,"7":0,"8":0,"9":0,"10":0,"11":0,"12":0,"13":0,"14":1,"15":0,"16":0,"17":0,"18":0,"19":0,"20":1,"21":0,"22":0,"23":1,"24":0,"25":0,"26":1,"27":0,"28":0,"29":1,"30":0,"31":0,"32":1,"33":0,"34":0,"35":0,"36":1,"37":0,"38":0,"39":1,"40":0,"41":1,"42":0,"43":0,"44":0,"45":0,"46":0,"47":0,"48":0,"49":0,"50":0,"51":0,"52":0,"53":0,"54":0,"55":0,"56":0,"57":0,"58":0,"59":0,"60":0,"61":0,"62":0,"63":0,"64":0,"65":0,"66":0,"67":0,"68":0,"69":0,"70":0,"71":0,"72":0,"73":0,"74":0,"75":1,"76":0,"77":0,"78":0,"79":0,"80":0,"81":0,"82":0,"83":0,"84":0,"85":0,"86":0,"87":0,"88":0,"89":0,"90":0,"91":0,"92":0,"93":0,"94":0,"95":0,"96":0,"97":0,"98":0,"99":0,"100":0,"101":0,"102":0,"103":0,"104":0,"105":0,"106":0,"107":0,"108":0,"109":0,"110":0,"111":0,"112":0,"113":0,"114":0,"115":0,"116":0,"117":0,"118":0,"119":0,"120":0,"121":0,"122":0,"123":0,"124":0,"125":0,"126":0,"127":0,"128":0,"129":0,"130":0,"131":0,"132":0,"133":0,"134":0,"135":0,"136":0,"137":0,"138":0,"139":0,"140":0,"141":1,"142":1,"143":1,"144":1,"145":1,"146":0,"147":0},"b":{"1":[1,0],"2":[1,1],"3":[0,0],"4":[0,0,0],"5":[0,0],"6":[0,0],"7":[0,0],"8":[0,0],"9":[0,0],"10":[0,0],"11":[0,0],"12":[0,0,0,0],"13":[0,0],"14":[0,0],"15":[0,0,0],"16":[0,0,0],"17":[0,0],"18":[0,0],"19":[0,0],"20":[0,0],"21":[0,0],"22":[0,0,0],"23":[0,0],"24":[0,0],"25":[0,0],"26":[0,0],"27":[0,0],"28":[0,0],"29":[0,0],"30":[0,0],"31":[0,0],"32":[0,0],"33":[0,0],"34":[0,0],"35":[0,1],"36":[1,1],"37":[0,0]},"f":{"1":0,"2":0,"3":1,"4":0,"5":0,"6":0,"7":0,"8":0,"9":0,"10":0,"11":0,"12":0,"13":0,"14":0,"15":0,"16":0,"17":0,"18":0,"19":0,"20":0,"21":0,"22":0,"23":0,"24":0,"25":0,"26":0,"27":0,"28":0,"29":0,"30":0,"31":0,"32":0,"33":0,"34":0,"35":0,"36":0,"37":0,"38":0,"39":0,"40":1,"41":0},"fnMap":{"1":{"name":"(anonymous_1)","line":7,"loc":{"start":{"line":7,"column":84},"end":{"line":7,"column":99}}},"2":{"name":"(anonymous_2)","line":7,"loc":{"start":{"line":7,"column":124},"end":{"line":7,"column":139}}},"3":{"name":"(anonymous_3)","line":9,"loc":{"start":{"line":9,"column":19},"end":{"line":9,"column":31}}},"4":{"name":"defineProperties","line":9,"loc":{"start":{"line":9,"column":33},"end":{"line":9,"column":74}}},"5":{"name":"(anonymous_5)","line":9,"loc":{"start":{"line":9,"column":357},"end":{"line":9,"column":405}}},"6":{"name":"(anonymous_6)","line":11,"loc":{"start":{"line":11,"column":18},"end":{"line":11,"column":34}}},"7":{"name":"matchesPatterns","line":15,"loc":{"start":{"line":15,"column":2},"end":{"line":15,"column":43}}},"8":{"name":"(anonymous_8)","line":16,"loc":{"start":{"line":16,"column":43},"end":{"line":16,"column":62}}},"9":{"name":"isReactLikeClass","line":21,"loc":{"start":{"line":21,"column":2},"end":{"line":21,"column":34}}},"10":{"name":"(anonymous_10)","line":22,"loc":{"start":{"line":22,"column":49},"end":{"line":22,"column":72}}},"11":{"name":"isReactLikeComponentObject","line":27,"loc":{"start":{"line":27,"column":2},"end":{"line":27,"column":44}}},"12":{"name":"(anonymous_12)","line":28,"loc":{"start":{"line":28,"column":80},"end":{"line":28,"column":104}}},"13":{"name":"getDisplayName","line":34,"loc":{"start":{"line":34,"column":2},"end":{"line":34,"column":32}}},"14":{"name":"(anonymous_14)","line":35,"loc":{"start":{"line":35,"column":69},"end":{"line":35,"column":85}}},"15":{"name":"hasParentFunction","line":41,"loc":{"start":{"line":41,"column":2},"end":{"line":41,"column":35}}},"16":{"name":"(anonymous_16)","line":42,"loc":{"start":{"line":42,"column":29},"end":{"line":42,"column":51}}},"17":{"name":"wrapComponent","line":48,"loc":{"start":{"line":48,"column":2},"end":{"line":48,"column":63}}},"18":{"name":"toObjectExpression","line":53,"loc":{"start":{"line":53,"column":2},"end":{"line":53,"column":38}}},"19":{"name":"(anonymous_19)","line":54,"loc":{"start":{"line":54,"column":45},"end":{"line":54,"column":60}}},"20":{"name":"Class","line":66,"loc":{"start":{"line":66,"column":11},"end":{"line":66,"column":32}}},"21":{"name":"CallExpression","line":104,"loc":{"start":{"line":104,"column":20},"end":{"line":104,"column":50}}},"22":{"name":"(anonymous_22)","line":126,"loc":{"start":{"line":126,"column":30},"end":{"line":126,"column":42}}},"23":{"name":"ReactTransformBuilder","line":127,"loc":{"start":{"line":127,"column":4},"end":{"line":127,"column":50}}},"24":{"name":"normalizeOptions","line":140,"loc":{"start":{"line":140,"column":13},"end":{"line":140,"column":48}}},"25":{"name":"(anonymous_25)","line":144,"loc":{"start":{"line":144,"column":45},"end":{"line":144,"column":61}}},"26":{"name":"build","line":155,"loc":{"start":{"line":155,"column":13},"end":{"line":155,"column":30}}},"27":{"name":"(anonymous_27)","line":172,"loc":{"start":{"line":172,"column":47},"end":{"line":172,"column":63}}},"28":{"name":"collectAndWrapComponents","line":188,"loc":{"start":{"line":188,"column":13},"end":{"line":188,"column":66}}},"29":{"name":"initComponentsDeclaration","line":212,"loc":{"start":{"line":212,"column":13},"end":{"line":212,"column":85}}},"30":{"name":"(anonymous_30)","line":215,"loc":{"start":{"line":215,"column":35},"end":{"line":215,"column":56}}},"31":{"name":"initTransformers","line":254,"loc":{"start":{"line":254,"column":13},"end":{"line":254,"column":64}}},"32":{"name":"(anonymous_32)","line":257,"loc":{"start":{"line":257,"column":43},"end":{"line":257,"column":64}}},"33":{"name":"(anonymous_33)","line":261,"loc":{"start":{"line":261,"column":53},"end":{"line":261,"column":70}}},"34":{"name":"(anonymous_34)","line":265,"loc":{"start":{"line":265,"column":55},"end":{"line":265,"column":77}}},"35":{"name":"initWrapperFunction","line":293,"loc":{"start":{"line":293,"column":13},"end":{"line":293,"column":61}}},"36":{"name":"(anonymous_36)","line":297,"loc":{"start":{"line":297,"column":71},"end":{"line":297,"column":100}}},"37":{"name":"validateOptions","line":310,"loc":{"start":{"line":310,"column":13},"end":{"line":310,"column":47}}},"38":{"name":"assertValidOptions","line":315,"loc":{"start":{"line":315,"column":13},"end":{"line":315,"column":50}}},"39":{"name":"Program","line":327,"loc":{"start":{"line":327,"column":15},"end":{"line":327,"column":45}}},"40":{"name":"_interopRequireDefault","line":343,"loc":{"start":{"line":343,"column":0},"end":{"line":343,"column":37}}},"41":{"name":"_classCallCheck","line":345,"loc":{"start":{"line":345,"column":0},"end":{"line":345,"column":48}}}},"statementMap":{"1":{"start":{"line":3,"column":0},"end":{"line":5,"column":3}},"2":{"start":{"line":7,"column":0},"end":{"line":7,"column":241}},"3":{"start":{"line":7,"column":101},"end":{"line":7,"column":119}},"4":{"start":{"line":7,"column":141},"end":{"line":7,"column":238}},"5":{"start":{"line":9,"column":0},"end":{"line":9,"column":564}},"6":{"start":{"line":9,"column":33},"end":{"line":9,"column":349}},"7":{"start":{"line":9,"column":76},"end":{"line":9,"column":347}},"8":{"start":{"line":9,"column":117},"end":{"line":9,"column":143}},"9":{"start":{"line":9,"column":144},"end":{"line":9,"column":199}},"10":{"start":{"line":9,"column":200},"end":{"line":9,"column":231}},"11":{"start":{"line":9,"column":232},"end":{"line":9,"column":286}},"12":{"start":{"line":9,"column":259},"end":{"line":9,"column":286}},"13":{"start":{"line":9,"column":287},"end":{"line":9,"column":345}},"14":{"start":{"line":9,"column":350},"end":{"line":9,"column":559}},"15":{"start":{"line":9,"column":407},"end":{"line":9,"column":475}},"16":{"start":{"line":9,"column":423},"end":{"line":9,"column":475}},"17":{"start":{"line":9,"column":476},"end":{"line":9,"column":536}},"18":{"start":{"line":9,"column":493},"end":{"line":9,"column":536}},"19":{"start":{"line":9,"column":537},"end":{"line":9,"column":556}},"20":{"start":{"line":11,"column":0},"end":{"line":337,"column":2}},"21":{"start":{"line":12,"column":2},"end":{"line":12,"column":21}},"22":{"start":{"line":13,"column":2},"end":{"line":13,"column":31}},"23":{"start":{"line":15,"column":2},"end":{"line":19,"column":3}},"24":{"start":{"line":16,"column":4},"end":{"line":18,"column":7}},"25":{"start":{"line":17,"column":6},"end":{"line":17,"column":90}},"26":{"start":{"line":21,"column":2},"end":{"line":25,"column":3}},"27":{"start":{"line":22,"column":4},"end":{"line":24,"column":7}},"28":{"start":{"line":23,"column":6},"end":{"line":23,"column":97}},"29":{"start":{"line":27,"column":2},"end":{"line":31,"column":3}},"30":{"start":{"line":28,"column":4},"end":{"line":30,"column":7}},"31":{"start":{"line":29,"column":6},"end":{"line":29,"column":200}},"32":{"start":{"line":34,"column":2},"end":{"line":39,"column":3}},"33":{"start":{"line":35,"column":4},"end":{"line":37,"column":7}},"34":{"start":{"line":36,"column":6},"end":{"line":36,"column":45}},"35":{"start":{"line":38,"column":4},"end":{"line":38,"column":44}},"36":{"start":{"line":41,"column":2},"end":{"line":45,"column":3}},"37":{"start":{"line":42,"column":4},"end":{"line":44,"column":7}},"38":{"start":{"line":43,"column":6},"end":{"line":43,"column":37}},"39":{"start":{"line":48,"column":2},"end":{"line":50,"column":3}},"40":{"start":{"line":49,"column":4},"end":{"line":49,"column":105}},"41":{"start":{"line":53,"column":2},"end":{"line":59,"column":3}},"42":{"start":{"line":54,"column":4},"end":{"line":56,"column":7}},"43":{"start":{"line":55,"column":6},"end":{"line":55,"column":62}},"44":{"start":{"line":58,"column":4},"end":{"line":58,"column":42}},"45":{"start":{"line":61,"column":2},"end":{"line":61,"column":182}},"46":{"start":{"line":63,"column":2},"end":{"line":63,"column":52}},"47":{"start":{"line":65,"column":2},"end":{"line":124,"column":4}},"48":{"start":{"line":67,"column":6},"end":{"line":69,"column":7}},"49":{"start":{"line":68,"column":8},"end":{"line":68,"column":15}},"50":{"start":{"line":71,"column":6},"end":{"line":71,"column":36}},"51":{"start":{"line":73,"column":6},"end":{"line":73,"column":68}},"52":{"start":{"line":74,"column":6},"end":{"line":74,"column":77}},"53":{"start":{"line":75,"column":6},"end":{"line":75,"column":49}},"54":{"start":{"line":77,"column":6},"end":{"line":81,"column":9}},"55":{"start":{"line":84,"column":6},"end":{"line":84,"column":49}},"56":{"start":{"line":85,"column":6},"end":{"line":85,"column":49}},"57":{"start":{"line":88,"column":6},"end":{"line":88,"column":83}},"58":{"start":{"line":89,"column":6},"end":{"line":89,"column":27}},"59":{"start":{"line":91,"column":6},"end":{"line":95,"column":7}},"60":{"start":{"line":93,"column":8},"end":{"line":93,"column":61}},"61":{"start":{"line":94,"column":8},"end":{"line":94,"column":91}},"62":{"start":{"line":97,"column":6},"end":{"line":102,"column":7}},"63":{"start":{"line":98,"column":8},"end":{"line":98,"column":46}},"64":{"start":{"line":99,"column":8},"end":{"line":99,"column":42}},"65":{"start":{"line":101,"column":8},"end":{"line":101,"column":34}},"66":{"start":{"line":105,"column":6},"end":{"line":107,"column":7}},"67":{"start":{"line":106,"column":8},"end":{"line":106,"column":15}},"68":{"start":{"line":109,"column":6},"end":{"line":109,"column":36}},"69":{"start":{"line":112,"column":6},"end":{"line":112,"column":52}},"70":{"start":{"line":113,"column":6},"end":{"line":113,"column":77}},"71":{"start":{"line":114,"column":6},"end":{"line":114,"column":49}},"72":{"start":{"line":116,"column":6},"end":{"line":120,"column":9}},"73":{"start":{"line":122,"column":6},"end":{"line":122,"column":86}},"74":{"start":{"line":126,"column":2},"end":{"line":323,"column":6}},"75":{"start":{"line":127,"column":4},"end":{"line":136,"column":5}},"76":{"start":{"line":128,"column":6},"end":{"line":128,"column":51}},"77":{"start":{"line":130,"column":6},"end":{"line":130,"column":23}},"78":{"start":{"line":131,"column":6},"end":{"line":131,"column":31}},"79":{"start":{"line":132,"column":6},"end":{"line":132,"column":52}},"80":{"start":{"line":135,"column":6},"end":{"line":135,"column":40}},"81":{"start":{"line":138,"column":4},"end":{"line":320,"column":8}},"82":{"start":{"line":141,"column":8},"end":{"line":151,"column":10}},"83":{"start":{"line":145,"column":12},"end":{"line":149,"column":14}},"84":{"start":{"line":156,"column":8},"end":{"line":156,"column":90}},"85":{"start":{"line":157,"column":8},"end":{"line":157,"column":87}},"86":{"start":{"line":159,"column":8},"end":{"line":159,"column":74}},"87":{"start":{"line":161,"column":8},"end":{"line":163,"column":9}},"88":{"start":{"line":162,"column":10},"end":{"line":162,"column":17}},"89":{"start":{"line":165,"column":8},"end":{"line":165,"column":104}},"90":{"start":{"line":166,"column":8},"end":{"line":166,"column":82}},"91":{"start":{"line":167,"column":8},"end":{"line":167,"column":74}},"92":{"start":{"line":169,"column":8},"end":{"line":169,"column":42}},"93":{"start":{"line":171,"column":8},"end":{"line":171,"column":38}},"94":{"start":{"line":172,"column":8},"end":{"line":174,"column":11}},"95":{"start":{"line":173,"column":10},"end":{"line":173,"column":36}},"96":{"start":{"line":175,"column":8},"end":{"line":175,"column":44}},"97":{"start":{"line":189,"column":8},"end":{"line":189,"column":28}},"98":{"start":{"line":191,"column":8},"end":{"line":197,"column":11}},"99":{"start":{"line":199,"column":8},"end":{"line":199,"column":26}},"100":{"start":{"line":213,"column":8},"end":{"line":213,"column":25}},"101":{"start":{"line":215,"column":8},"end":{"line":236,"column":11}},"102":{"start":{"line":216,"column":10},"end":{"line":216,"column":41}},"103":{"start":{"line":217,"column":10},"end":{"line":217,"column":34}},"104":{"start":{"line":219,"column":10},"end":{"line":221,"column":11}},"105":{"start":{"line":220,"column":12},"end":{"line":220,"column":112}},"106":{"start":{"line":223,"column":10},"end":{"line":225,"column":11}},"107":{"start":{"line":224,"column":12},"end":{"line":224,"column":104}},"108":{"start":{"line":227,"column":10},"end":{"line":227,"column":33}},"109":{"start":{"line":229,"column":10},"end":{"line":233,"column":11}},"110":{"start":{"line":230,"column":12},"end":{"line":230,"column":50}},"111":{"start":{"line":232,"column":12},"end":{"line":232,"column":53}},"112":{"start":{"line":235,"column":10},"end":{"line":235,"column":81}},"113":{"start":{"line":238,"column":8},"end":{"line":238,"column":122}},"114":{"start":{"line":255,"column":8},"end":{"line":255,"column":25}},"115":{"start":{"line":257,"column":8},"end":{"line":280,"column":11}},"116":{"start":{"line":258,"column":10},"end":{"line":258,"column":50}},"117":{"start":{"line":259,"column":10},"end":{"line":259,"column":96}},"118":{"start":{"line":261,"column":10},"end":{"line":263,"column":13}},"119":{"start":{"line":262,"column":12},"end":{"line":262,"column":39}},"120":{"start":{"line":265,"column":10},"end":{"line":267,"column":13}},"121":{"start":{"line":266,"column":12},"end":{"line":266,"column":75}},"122":{"start":{"line":269,"column":10},"end":{"line":269,"column":92}},"123":{"start":{"line":270,"column":10},"end":{"line":275,"column":18}},"124":{"start":{"line":277,"column":10},"end":{"line":277,"column":68}},"125":{"start":{"line":279,"column":10},"end":{"line":279,"column":37}},"126":{"start":{"line":294,"column":8},"end":{"line":294,"column":41}},"127":{"start":{"line":295,"column":8},"end":{"line":295,"column":55}},"128":{"start":{"line":297,"column":8},"end":{"line":299,"column":27}},"129":{"start":{"line":298,"column":10},"end":{"line":298,"column":64}},"130":{"start":{"line":301,"column":8},"end":{"line":306,"column":11}},"131":{"start":{"line":311,"column":8},"end":{"line":311,"column":131}},"132":{"start":{"line":316,"column":8},"end":{"line":318,"column":9}},"133":{"start":{"line":317,"column":10},"end":{"line":317,"column":213}},"134":{"start":{"line":322,"column":4},"end":{"line":322,"column":33}},"135":{"start":{"line":325,"column":2},"end":{"line":336,"column":4}},"136":{"start":{"line":328,"column":8},"end":{"line":328,"column":30}},"137":{"start":{"line":329,"column":8},"end":{"line":329,"column":30}},"138":{"start":{"line":331,"column":8},"end":{"line":331,"column":55}},"139":{"start":{"line":332,"column":8},"end":{"line":332,"column":60}},"140":{"start":{"line":333,"column":8},"end":{"line":333,"column":24}},"141":{"start":{"line":339,"column":0},"end":{"line":339,"column":35}},"142":{"start":{"line":341,"column":0},"end":{"line":341,"column":43}},"143":{"start":{"line":343,"column":0},"end":{"line":343,"column":95}},"144":{"start":{"line":343,"column":39},"end":{"line":343,"column":93}},"145":{"start":{"line":345,"column":0},"end":{"line":345,"column":153}},"146":{"start":{"line":345,"column":50},"end":{"line":345,"column":151}},"147":{"start":{"line":345,"column":92},"end":{"line":345,"column":149}}},"branchMap":{"1":{"line":7,"type":"cond-expr","locations":[{"start":{"line":7,"column":84},"end":{"line":7,"column":121}},{"start":{"line":7,"column":124},"end":{"line":7,"column":240}}]},"2":{"line":7,"type":"binary-expr","locations":[{"start":{"line":7,"column":14},"end":{"line":7,"column":42}},{"start":{"line":7,"column":46},"end":{"line":7,"column":81}}]},"3":{"line":7,"type":"cond-expr","locations":[{"start":{"line":7,"column":216},"end":{"line":7,"column":224}},{"start":{"line":7,"column":227},"end":{"line":7,"column":237}}]},"4":{"line":7,"type":"binary-expr","locations":[{"start":{"line":7,"column":148},"end":{"line":7,"column":151}},{"start":{"line":7,"column":155},"end":{"line":7,"column":183}},{"start":{"line":7,"column":187},"end":{"line":7,"column":213}}]},"5":{"line":9,"type":"binary-expr","locations":[{"start":{"line":9,"column":168},"end":{"line":9,"column":189}},{"start":{"line":9,"column":193},"end":{"line":9,"column":198}}]},"6":{"line":9,"type":"if","locations":[{"start":{"line":9,"column":232},"end":{"line":9,"column":232}},{"start":{"line":9,"column":232},"end":{"line":9,"column":232}}]},"7":{"line":9,"type":"if","locations":[{"start":{"line":9,"column":407},"end":{"line":9,"column":407}},{"start":{"line":9,"column":407},"end":{"line":9,"column":407}}]},"8":{"line":9,"type":"if","locations":[{"start":{"line":9,"column":476},"end":{"line":9,"column":476}},{"start":{"line":9,"column":476},"end":{"line":9,"column":476}}]},"9":{"line":17,"type":"binary-expr","locations":[{"start":{"line":17,"column":13},"end":{"line":17,"column":57}},{"start":{"line":17,"column":61},"end":{"line":17,"column":89}}]},"10":{"line":23,"type":"binary-expr","locations":[{"start":{"line":23,"column":13},"end":{"line":23,"column":41}},{"start":{"line":23,"column":45},"end":{"line":23,"column":96}}]},"11":{"line":28,"type":"binary-expr","locations":[{"start":{"line":28,"column":11},"end":{"line":28,"column":37}},{"start":{"line":28,"column":41},"end":{"line":30,"column":6}}]},"12":{"line":29,"type":"binary-expr","locations":[{"start":{"line":29,"column":14},"end":{"line":29,"column":46}},{"start":{"line":29,"column":50},"end":{"line":29,"column":80}},{"start":{"line":29,"column":86},"end":{"line":29,"column":138}},{"start":{"line":29,"column":142},"end":{"line":29,"column":198}}]},"13":{"line":38,"type":"binary-expr","locations":[{"start":{"line":38,"column":11},"end":{"line":38,"column":19}},{"start":{"line":38,"column":23},"end":{"line":38,"column":43}}]},"14":{"line":67,"type":"if","locations":[{"start":{"line":67,"column":6},"end":{"line":67,"column":6}},{"start":{"line":67,"column":6},"end":{"line":67,"column":6}}]},"15":{"line":67,"type":"binary-expr","locations":[{"start":{"line":67,"column":10},"end":{"line":67,"column":32}},{"start":{"line":67,"column":36},"end":{"line":67,"column":95}},{"start":{"line":67,"column":99},"end":{"line":67,"column":127}}]},"16":{"line":73,"type":"binary-expr","locations":[{"start":{"line":73,"column":26},"end":{"line":73,"column":38}},{"start":{"line":73,"column":42},"end":{"line":73,"column":59}},{"start":{"line":73,"column":63},"end":{"line":73,"column":67}}]},"17":{"line":74,"type":"binary-expr","locations":[{"start":{"line":74,"column":24},"end":{"line":74,"column":37}},{"start":{"line":74,"column":41},"end":{"line":74,"column":76}}]},"18":{"line":91,"type":"if","locations":[{"start":{"line":91,"column":6},"end":{"line":91,"column":6}},{"start":{"line":91,"column":6},"end":{"line":91,"column":6}}]},"19":{"line":93,"type":"binary-expr","locations":[{"start":{"line":93,"column":31},"end":{"line":93,"column":44}},{"start":{"line":93,"column":48},"end":{"line":93,"column":59}}]},"20":{"line":97,"type":"if","locations":[{"start":{"line":97,"column":6},"end":{"line":97,"column":6}},{"start":{"line":97,"column":6},"end":{"line":97,"column":6}}]},"21":{"line":105,"type":"if","locations":[{"start":{"line":105,"column":6},"end":{"line":105,"column":6}},{"start":{"line":105,"column":6},"end":{"line":105,"column":6}}]},"22":{"line":105,"type":"binary-expr","locations":[{"start":{"line":105,"column":10},"end":{"line":105,"column":32}},{"start":{"line":105,"column":36},"end":{"line":105,"column":93}},{"start":{"line":105,"column":97},"end":{"line":105,"column":148}}]},"23":{"line":113,"type":"binary-expr","locations":[{"start":{"line":113,"column":24},"end":{"line":113,"column":37}},{"start":{"line":113,"column":41},"end":{"line":113,"column":76}}]},"24":{"line":142,"type":"binary-expr","locations":[{"start":{"line":142,"column":26},"end":{"line":142,"column":48}},{"start":{"line":142,"column":52},"end":{"line":142,"column":73}}]},"25":{"line":143,"type":"binary-expr","locations":[{"start":{"line":143,"column":24},"end":{"line":143,"column":44}},{"start":{"line":143,"column":48},"end":{"line":143,"column":80}}]},"26":{"line":147,"type":"binary-expr","locations":[{"start":{"line":147,"column":22},"end":{"line":147,"column":33}},{"start":{"line":147,"column":37},"end":{"line":147,"column":39}}]},"27":{"line":148,"type":"binary-expr","locations":[{"start":{"line":148,"column":23},"end":{"line":148,"column":35}},{"start":{"line":148,"column":39},"end":{"line":148,"column":41}}]},"28":{"line":161,"type":"if","locations":[{"start":{"line":161,"column":8},"end":{"line":161,"column":8}},{"start":{"line":161,"column":8},"end":{"line":161,"column":8}}]},"29":{"line":219,"type":"if","locations":[{"start":{"line":219,"column":10},"end":{"line":219,"column":10}},{"start":{"line":219,"column":10},"end":{"line":219,"column":10}}]},"30":{"line":223,"type":"if","locations":[{"start":{"line":223,"column":10},"end":{"line":223,"column":10}},{"start":{"line":223,"column":10},"end":{"line":223,"column":10}}]},"31":{"line":229,"type":"if","locations":[{"start":{"line":229,"column":10},"end":{"line":229,"column":10}},{"start":{"line":229,"column":10},"end":{"line":229,"column":10}}]},"32":{"line":311,"type":"binary-expr","locations":[{"start":{"line":311,"column":15},"end":{"line":311,"column":93}},{"start":{"line":311,"column":97},"end":{"line":311,"column":130}}]},"33":{"line":311,"type":"cond-expr","locations":[{"start":{"line":311,"column":49},"end":{"line":311,"column":60}},{"start":{"line":311,"column":63},"end":{"line":311,"column":79}}]},"34":{"line":316,"type":"if","locations":[{"start":{"line":316,"column":8},"end":{"line":316,"column":8}},{"start":{"line":316,"column":8},"end":{"line":316,"column":8}}]},"35":{"line":343,"type":"cond-expr","locations":[{"start":{"line":343,"column":70},"end":{"line":343,"column":73}},{"start":{"line":343,"column":76},"end":{"line":343,"column":92}}]},"36":{"line":343,"type":"binary-expr","locations":[{"start":{"line":343,"column":46},"end":{"line":343,"column":49}},{"start":{"line":343,"column":53},"end":{"line":343,"column":67}}]},"37":{"line":345,"type":"if","locations":[{"start":{"line":345,"column":50},"end":{"line":345,"column":50}},{"start":{"line":345,"column":50},"end":{"line":345,"column":50}}]}},"code":["'use strict';","","Object.defineProperty(exports, \"__esModule\", {","  value: true","});","","var _typeof = typeof Symbol === \"function\" && typeof Symbol.iterator === \"symbol\" ? function (obj) { return typeof obj; } : function (obj) { return obj && typeof Symbol === \"function\" && obj.constructor === Symbol ? \"symbol\" : typeof obj; };","","var _createClass = function () { function defineProperties(target, props) { for (var i = 0; i < props.length; i++) { var descriptor = props[i]; descriptor.enumerable = descriptor.enumerable || false; descriptor.configurable = true; if (\"value\" in descriptor) descriptor.writable = true; Object.defineProperty(target, descriptor.key, descriptor); } } return function (Constructor, protoProps, staticProps) { if (protoProps) defineProperties(Constructor.prototype, protoProps); if (staticProps) defineProperties(Constructor, staticProps); return Constructor; }; }();","","exports.default = function (_ref) {","  var t = _ref.types;","  var template = _ref.template;","","  function matchesPatterns(path, patterns) {","    return !!(0, _find2.default)(patterns, function (pattern) {","      return t.isIdentifier(path.node, { name: pattern }) || path.matchesPattern(pattern);","    });","  }","","  function isReactLikeClass(node) {","    return !!(0, _find2.default)(node.body.body, function (classMember) {","      return t.isClassMethod(classMember) && t.isIdentifier(classMember.key, { name: 'render' });","    });","  }","","  function isReactLikeComponentObject(node) {","    return t.isObjectExpression(node) && !!(0, _find2.default)(node.properties, function (objectMember) {","      return (t.isObjectProperty(objectMember) || t.isObjectMethod(objectMember)) && (t.isIdentifier(objectMember.key, { name: 'render' }) || t.isStringLiteral(objectMember.key, { value: 'render' }));","    });","  }","","  // `foo({ displayName: 'NAME' });` => 'NAME'","  function getDisplayName(node) {","    var property = (0, _find2.default)(node.arguments[0].properties, function (node) {","      return node.key.name === 'displayName';","    });","    return property && property.value.value;","  }","","  function hasParentFunction(path) {","    return !!path.findParent(function (parentPath) {","      return parentPath.isFunction();","    });","  }","","  // wrapperFunction(\"componentId\")(node)","  function wrapComponent(node, componentId, wrapperFunctionId) {","    return t.callExpression(t.callExpression(wrapperFunctionId, [t.stringLiteral(componentId)]), [node]);","  }","","  // `{ name: foo }` => Node { type: \"ObjectExpression\", properties: [...] }","  function toObjectExpression(object) {","    var properties = Object.keys(object).map(function (key) {","      return t.objectProperty(t.identifier(key), object[key]);","    });","","    return t.objectExpression(properties);","  }","","  var wrapperFunctionTemplate = template('\\n    function WRAPPER_FUNCTION_ID(ID_PARAM) {\\n      return function(COMPONENT_PARAM) {\\n        return EXPRESSION;\\n      };\\n    }\\n  ');","","  var VISITED_KEY = 'react-transform-' + Date.now();","","  var componentVisitor = {","    Class: function Class(path) {","      if (path.node[VISITED_KEY] || !matchesPatterns(path.get('superClass'), this.superClasses) || !isReactLikeClass(path.node)) {","        return;","      }","","      path.node[VISITED_KEY] = true;","","      var componentName = path.node.id && path.node.id.name || null;","      var componentId = componentName || path.scope.generateUid('component');","      var isInFunction = hasParentFunction(path);","","      this.components.push({","        id: componentId,","        name: componentName,","        isInFunction: isInFunction","      });","","      // Can't wrap ClassDeclarations","      var isStatement = t.isStatement(path.node);","      var expression = t.toExpression(path.node);","","      // wrapperFunction(\"componentId\")(node)","      var wrapped = wrapComponent(expression, componentId, this.wrapperFunctionId);","      var constId = void 0;","","      if (isStatement) {","        // wrapperFunction(\"componentId\")(class Foo ...) => const Foo = wrapperFunction(\"componentId\")(class Foo ...)","        constId = t.identifier(componentName || componentId);","        wrapped = t.variableDeclaration('const', [t.variableDeclarator(constId, wrapped)]);","      }","","      if (t.isExportDefaultDeclaration(path.parent)) {","        path.parentPath.insertBefore(wrapped);","        path.parent.declaration = constId;","      } else {","        path.replaceWith(wrapped);","      }","    },","    CallExpression: function CallExpression(path) {","      if (path.node[VISITED_KEY] || !matchesPatterns(path.get('callee'), this.factoryMethods) || !isReactLikeComponentObject(path.node.arguments[0])) {","        return;","      }","","      path.node[VISITED_KEY] = true;","","      // `foo({ displayName: 'NAME' });` => 'NAME'","      var componentName = getDisplayName(path.node);","      var componentId = componentName || path.scope.generateUid('component');","      var isInFunction = hasParentFunction(path);","","      this.components.push({","        id: componentId,","        name: componentName,","        isInFunction: isInFunction","      });","","      path.replaceWith(wrapComponent(path.node, componentId, this.wrapperFunctionId));","    }","  };","","  var ReactTransformBuilder = function () {","    function ReactTransformBuilder(file, options) {","      _classCallCheck(this, ReactTransformBuilder);","","      this.file = file;","      this.program = file.path;","      this.options = this.normalizeOptions(options);","","      // @todo: clean this shit up","      this.configuredTransformsIds = [];","    }","","    _createClass(ReactTransformBuilder, [{","      key: 'normalizeOptions',","      value: function normalizeOptions(options) {","        return {","          factoryMethods: options.factoryMethods || ['React.createClass'],","          superClasses: options.superClasses || ['React.Component', 'Component'],","          transforms: options.transforms.map(function (opts) {","            return {","              transform: opts.transform,","              locals: opts.locals || [],","              imports: opts.imports || []","            };","          })","        };","      }","    }, {","      key: 'build',","      value: function build() {","        var componentsDeclarationId = this.file.scope.generateUidIdentifier('components');","        var wrapperFunctionId = this.file.scope.generateUidIdentifier('wrapComponent');","","        var components = this.collectAndWrapComponents(wrapperFunctionId);","","        if (!components.length) {","          return;","        }","","        var componentsDeclaration = this.initComponentsDeclaration(componentsDeclarationId, components);","        var configuredTransforms = this.initTransformers(componentsDeclarationId);","        var wrapperFunction = this.initWrapperFunction(wrapperFunctionId);","","        var body = this.program.node.body;","","        body.unshift(wrapperFunction);","        configuredTransforms.reverse().forEach(function (node) {","          return body.unshift(node);","        });","        body.unshift(componentsDeclaration);","      }","","      /**","       * const Foo = _wrapComponent('Foo')(class Foo extends React.Component {});","       * ...","       * const Bar = _wrapComponent('Bar')(React.createClass({","       *   displayName: 'Bar'","       * }));","       */","","    }, {","      key: 'collectAndWrapComponents',","      value: function collectAndWrapComponents(wrapperFunctionId) {","        var components = [];","","        this.file.path.traverse(componentVisitor, {","          wrapperFunctionId: wrapperFunctionId,","          components: components,","          factoryMethods: this.options.factoryMethods,","          superClasses: this.options.superClasses,","          currentlyInFunction: false","        });","","        return components;","      }","","      /**","       * const _components = {","       *   Foo: {","       *     displayName: \"Foo\"","       *   }","       * };","       */","","    }, {","      key: 'initComponentsDeclaration',","      value: function initComponentsDeclaration(componentsDeclarationId, components) {","        var uniqueId = 0;","","        var props = components.map(function (component) {","          var componentId = component.id;","          var componentProps = [];","","          if (component.name) {","            componentProps.push(t.objectProperty(t.identifier('displayName'), t.stringLiteral(component.name)));","          }","","          if (component.isInFunction) {","            componentProps.push(t.objectProperty(t.identifier('isInFunction'), t.booleanLiteral(true)));","          }","","          var objectKey = void 0;","","          if (t.isValidIdentifier(componentId)) {","            objectKey = t.identifier(componentId);","          } else {","            objectKey = t.stringLiteral(componentId);","          }","","          return t.objectProperty(objectKey, t.objectExpression(componentProps));","        });","","        return t.variableDeclaration('const', [t.variableDeclarator(componentsDeclarationId, t.objectExpression(props))]);","      }","","      /**","       * import _transformLib from \"transform-lib\";","       * ...","       * const _transformLib2 = _transformLib({","       *   filename: \"filename\",","       *   components: _components,","       *   locals: [],","       *   imports: []","       * });","       */","","    }, {","      key: 'initTransformers',","      value: function initTransformers(componentsDeclarationId) {","        var _this = this;","","        return this.options.transforms.map(function (transform) {","          var transformName = transform.transform;","          var transformImportId = _this.file.addImport(transformName, 'default', transformName);","","          var transformLocals = transform.locals.map(function (local) {","            return t.identifier(local);","          });","","          var transformImports = transform.imports.map(function (importName) {","            return _this.file.addImport(importName, 'default', importName);","          });","","          var configuredTransformId = _this.file.scope.generateUidIdentifier(transformName);","          var configuredTransform = t.variableDeclaration('const', [t.variableDeclarator(configuredTransformId, t.callExpression(transformImportId, [toObjectExpression({","            filename: t.stringLiteral(_this.file.opts.filename),","            components: componentsDeclarationId,","            locals: t.arrayExpression(transformLocals),","            imports: t.arrayExpression(transformImports)","          })]))]);","","          _this.configuredTransformsIds.push(configuredTransformId);","","          return configuredTransform;","        });","      }","","      /**","       * function _wrapComponent(id) {","       *   return function (Component) {","       *     return _transformLib2(Component, id);","       *   };","       * }","       */","","    }, {","      key: 'initWrapperFunction',","      value: function initWrapperFunction(wrapperFunctionId) {","        var idParam = t.identifier('id');","        var componentParam = t.identifier('Component');","","        var expression = this.configuredTransformsIds.reverse().reduce(function (memo, transformId) {","          return t.callExpression(transformId, [memo, idParam]);","        }, componentParam);","","        return wrapperFunctionTemplate({","          WRAPPER_FUNCTION_ID: wrapperFunctionId,","          ID_PARAM: idParam,","          COMPONENT_PARAM: componentParam,","          EXPRESSION: expression","        });","      }","    }], [{","      key: 'validateOptions',","      value: function validateOptions(options) {","        return (typeof options === 'undefined' ? 'undefined' : _typeof(options)) === 'object' && Array.isArray(options.transforms);","      }","    }, {","      key: 'assertValidOptions',","      value: function assertValidOptions(options) {","        if (!ReactTransformBuilder.validateOptions(options)) {","          throw new Error('babel-plugin-react-transform requires that you specify options ' + 'in .babelrc or from the Babel Node API, and that it is an object ' + 'with a transforms property which is an array.');","        }","      }","    }]);","","    return ReactTransformBuilder;","  }();","","  return {","    visitor: {","      Program: function Program(path, _ref2) {","        var file = _ref2.file;","        var opts = _ref2.opts;","","        ReactTransformBuilder.assertValidOptions(opts);","        var builder = new ReactTransformBuilder(file, opts);","        builder.build();","      }","    }","  };","};","","var _find = require('lodash/find');","","var _find2 = _interopRequireDefault(_find);","","function _interopRequireDefault(obj) { return obj && obj.__esModule ? obj : { default: obj }; }","","function _classCallCheck(instance, Constructor) { if (!(instance instanceof Constructor)) { throw new TypeError(\"Cannot call a class as a function\"); } }"],"l":{"3":1,"7":1,"9":1,"11":1,"12":0,"13":0,"15":1,"16":0,"17":0,"21":1,"22":0,"23":0,"27":1,"28":0,"29":0,"34":1,"35":0,"36":0,"38":0,"41":1,"42":0,"43":0,"48":1,"49":0,"53":1,"54":0,"55":0,"58":0,"61":0,"63":0,"65":0,"67":0,"68":0,"71":0,"73":0,"74":0,"75":0,"77":0,"84":0,"85":0,"88":0,"89":0,"91":0,"93":0,"94":0,"97":0,"98":0,"99":0,"101":0,"105":0,"106":0,"109":0,"112":0,"113":0,"114":0,"116":0,"122":0,"126":0,"127":1,"128":0,"130":0,"131":0,"132":0,"135":0,"138":0,"141":0,"145":0,"156":0,"157":0,"159":0,"161":0,"162":0,"165":0,"166":0,"167":0,"169":0,"171":0,"172":0,"173":0,"175":0,"189":0,"191":0,"199":0,"213":0,"215":0,"216":0,"217":0,"219":0,"220":0,"223":0,"224":0,"227":0,"229":0,"230":0,"232":0,"235":0,"238":0,"255":0,"257":0,"258":0,"259":0,"261":0,"262":0,"265":0,"266":0,"269":0,"270":0,"277":0,"279":0,"294":0,"295":0,"297":0,"298":0,"301":0,"311":0,"316":0,"317":0,"322":0,"325":0,"328":0,"329":0,"331":0,"332":0,"333":0,"339":1,"341":1,"343":1,"345":1}}}